*
* Visual Studio Code Server
*
* By using the software, you agree to
* the Visual Studio Code Server License Terms (https://aka.ms/vscode-server-license) and
* the Microsoft Privacy Statement (https://privacy.microsoft.com/en-US/privacystatement).
*
Server bound to 127.0.0.1:44627 (IPv4)
Extension host agent listening on 44627

[14:11:15] 




[14:11:15] Extension host agent started.
[14:11:15] [127.0.0.1][e0c48ad6][ManagementConnection] New connection established.
[14:11:15] [127.0.0.1][adefdcbf][ExtensionHostConnection] New connection established.
[14:11:17] [127.0.0.1][adefdcbf][ExtensionHostConnection] <1408> Launched Extension Host Process.
rejected promise not handled within 1 second: CodeExpectedError: Could not find pty 6 on pty host
stack trace: CodeExpectedError: Could not find pty 6 on pty host
    at M.U (file:///home/fms01/.vscode-server/bin/384ff7382de624fb94dbaf6da11977bba1ecd427/out/vs/platform/terminal/node/ptyHostMain.js:48:11102)
    at M.updateIcon (file:///home/fms01/.vscode-server/bin/384ff7382de624fb94dbaf6da11977bba1ecd427/out/vs/platform/terminal/node/ptyHostMain.js:48:6462)
    at s.<computed> (file:///home/fms01/.vscode-server/bin/384ff7382de624fb94dbaf6da11977bba1ecd427/out/vs/platform/terminal/node/ptyHostMain.js:48:1843)
    at Object.call (file:///home/fms01/.vscode-server/bin/384ff7382de624fb94dbaf6da11977bba1ecd427/out/vs/platform/terminal/node/ptyHostMain.js:31:4127)
    at Fc.s (file:///home/fms01/.vscode-server/bin/384ff7382de624fb94dbaf6da11977bba1ecd427/out/vs/platform/terminal/node/ptyHostMain.js:29:78860)
    at Fc.q (file:///home/fms01/.vscode-server/bin/384ff7382de624fb94dbaf6da11977bba1ecd427/out/vs/platform/terminal/node/ptyHostMain.js:29:78383)
    at os.value (file:///home/fms01/.vscode-server/bin/384ff7382de624fb94dbaf6da11977bba1ecd427/out/vs/platform/terminal/node/ptyHostMain.js:29:77785)
    at y.B (file:///home/fms01/.vscode-server/bin/384ff7382de624fb94dbaf6da11977bba1ecd427/out/vs/platform/terminal/node/ptyHostMain.js:29:732)
    at y.fire (file:///home/fms01/.vscode-server/bin/384ff7382de624fb94dbaf6da11977bba1ecd427/out/vs/platform/terminal/node/ptyHostMain.js:29:950)
    at process.v (file:///home/fms01/.vscode-server/bin/384ff7382de624fb94dbaf6da11977bba1ecd427/out/vs/platform/terminal/node/ptyHostMain.js:24:29096)
    at process.emit (node:events:519:28)
    at emit (node:internal/child_process:951:14)
    at process.processTicksAndRejections (node:internal/process/task_queues:83:21)
[14:11:21] Error [CodeExpectedError]: Could not find pty 6 on pty host
    at M.U (file:///home/fms01/.vscode-server/bin/384ff7382de624fb94dbaf6da11977bba1ecd427/out/vs/platform/terminal/node/ptyHostMain.js:48:11102)
    at M.updateIcon (file:///home/fms01/.vscode-server/bin/384ff7382de624fb94dbaf6da11977bba1ecd427/out/vs/platform/terminal/node/ptyHostMain.js:48:6462)
    at s.<computed> (file:///home/fms01/.vscode-server/bin/384ff7382de624fb94dbaf6da11977bba1ecd427/out/vs/platform/terminal/node/ptyHostMain.js:48:1843)
    at Object.call (file:///home/fms01/.vscode-server/bin/384ff7382de624fb94dbaf6da11977bba1ecd427/out/vs/platform/terminal/node/ptyHostMain.js:31:4127)
    at Fc.s (file:///home/fms01/.vscode-server/bin/384ff7382de624fb94dbaf6da11977bba1ecd427/out/vs/platform/terminal/node/ptyHostMain.js:29:78860)
    at Fc.q (file:///home/fms01/.vscode-server/bin/384ff7382de624fb94dbaf6da11977bba1ecd427/out/vs/platform/terminal/node/ptyHostMain.js:29:78383)
    at os.value (file:///home/fms01/.vscode-server/bin/384ff7382de624fb94dbaf6da11977bba1ecd427/out/vs/platform/terminal/node/ptyHostMain.js:29:77785)
    at y.B (file:///home/fms01/.vscode-server/bin/384ff7382de624fb94dbaf6da11977bba1ecd427/out/vs/platform/terminal/node/ptyHostMain.js:29:732)
    at y.fire (file:///home/fms01/.vscode-server/bin/384ff7382de624fb94dbaf6da11977bba1ecd427/out/vs/platform/terminal/node/ptyHostMain.js:29:950)
    at process.v (file:///home/fms01/.vscode-server/bin/384ff7382de624fb94dbaf6da11977bba1ecd427/out/vs/platform/terminal/node/ptyHostMain.js:24:29096)
    at process.emit (node:events:519:28)
    at emit (node:internal/child_process:951:14)
    at process.processTicksAndRejections (node:internal/process/task_queues:83:21)
rejected promise not handled within 1 second: CodeExpectedError: Could not find pty 6 on pty host
stack trace: CodeExpectedError: Could not find pty 6 on pty host
    at M.U (file:///home/fms01/.vscode-server/bin/384ff7382de624fb94dbaf6da11977bba1ecd427/out/vs/platform/terminal/node/ptyHostMain.js:48:11102)
    at M.updateTitle (file:///home/fms01/.vscode-server/bin/384ff7382de624fb94dbaf6da11977bba1ecd427/out/vs/platform/terminal/node/ptyHostMain.js:48:6412)
    at s.<computed> (file:///home/fms01/.vscode-server/bin/384ff7382de624fb94dbaf6da11977bba1ecd427/out/vs/platform/terminal/node/ptyHostMain.js:48:1843)
    at Object.call (file:///home/fms01/.vscode-server/bin/384ff7382de624fb94dbaf6da11977bba1ecd427/out/vs/platform/terminal/node/ptyHostMain.js:31:4127)
    at Fc.s (file:///home/fms01/.vscode-server/bin/384ff7382de624fb94dbaf6da11977bba1ecd427/out/vs/platform/terminal/node/ptyHostMain.js:29:78860)
    at Fc.q (file:///home/fms01/.vscode-server/bin/384ff7382de624fb94dbaf6da11977bba1ecd427/out/vs/platform/terminal/node/ptyHostMain.js:29:78383)
    at os.value (file:///home/fms01/.vscode-server/bin/384ff7382de624fb94dbaf6da11977bba1ecd427/out/vs/platform/terminal/node/ptyHostMain.js:29:77785)
    at y.B (file:///home/fms01/.vscode-server/bin/384ff7382de624fb94dbaf6da11977bba1ecd427/out/vs/platform/terminal/node/ptyHostMain.js:29:732)
    at y.fire (file:///home/fms01/.vscode-server/bin/384ff7382de624fb94dbaf6da11977bba1ecd427/out/vs/platform/terminal/node/ptyHostMain.js:29:950)
    at process.v (file:///home/fms01/.vscode-server/bin/384ff7382de624fb94dbaf6da11977bba1ecd427/out/vs/platform/terminal/node/ptyHostMain.js:24:29096)
    at process.emit (node:events:519:28)
    at emit (node:internal/child_process:951:14)
    at process.processTicksAndRejections (node:internal/process/task_queues:83:21)
[14:11:21] Error [CodeExpectedError]: Could not find pty 6 on pty host
    at M.U (file:///home/fms01/.vscode-server/bin/384ff7382de624fb94dbaf6da11977bba1ecd427/out/vs/platform/terminal/node/ptyHostMain.js:48:11102)
    at M.updateTitle (file:///home/fms01/.vscode-server/bin/384ff7382de624fb94dbaf6da11977bba1ecd427/out/vs/platform/terminal/node/ptyHostMain.js:48:6412)
    at s.<computed> (file:///home/fms01/.vscode-server/bin/384ff7382de624fb94dbaf6da11977bba1ecd427/out/vs/platform/terminal/node/ptyHostMain.js:48:1843)
    at Object.call (file:///home/fms01/.vscode-server/bin/384ff7382de624fb94dbaf6da11977bba1ecd427/out/vs/platform/terminal/node/ptyHostMain.js:31:4127)
    at Fc.s (file:///home/fms01/.vscode-server/bin/384ff7382de624fb94dbaf6da11977bba1ecd427/out/vs/platform/terminal/node/ptyHostMain.js:29:78860)
    at Fc.q (file:///home/fms01/.vscode-server/bin/384ff7382de624fb94dbaf6da11977bba1ecd427/out/vs/platform/terminal/node/ptyHostMain.js:29:78383)
    at os.value (file:///home/fms01/.vscode-server/bin/384ff7382de624fb94dbaf6da11977bba1ecd427/out/vs/platform/terminal/node/ptyHostMain.js:29:77785)
    at y.B (file:///home/fms01/.vscode-server/bin/384ff7382de624fb94dbaf6da11977bba1ecd427/out/vs/platform/terminal/node/ptyHostMain.js:29:732)
    at y.fire (file:///home/fms01/.vscode-server/bin/384ff7382de624fb94dbaf6da11977bba1ecd427/out/vs/platform/terminal/node/ptyHostMain.js:29:950)
    at process.v (file:///home/fms01/.vscode-server/bin/384ff7382de624fb94dbaf6da11977bba1ecd427/out/vs/platform/terminal/node/ptyHostMain.js:24:29096)
    at process.emit (node:events:519:28)
    at emit (node:internal/child_process:951:14)
    at process.processTicksAndRejections (node:internal/process/task_queues:83:21)
rejected promise not handled within 1 second: CodeExpectedError: Could not find pty 6 on pty host
stack trace: CodeExpectedError: Could not find pty 6 on pty host
    at M.U (file:///home/fms01/.vscode-server/bin/384ff7382de624fb94dbaf6da11977bba1ecd427/out/vs/platform/terminal/node/ptyHostMain.js:48:11102)
    at M.updateTitle (file:///home/fms01/.vscode-server/bin/384ff7382de624fb94dbaf6da11977bba1ecd427/out/vs/platform/terminal/node/ptyHostMain.js:48:6412)
    at s.<computed> (file:///home/fms01/.vscode-server/bin/384ff7382de624fb94dbaf6da11977bba1ecd427/out/vs/platform/terminal/node/ptyHostMain.js:48:1843)
    at Object.call (file:///home/fms01/.vscode-server/bin/384ff7382de624fb94dbaf6da11977bba1ecd427/out/vs/platform/terminal/node/ptyHostMain.js:31:4127)
    at Fc.s (file:///home/fms01/.vscode-server/bin/384ff7382de624fb94dbaf6da11977bba1ecd427/out/vs/platform/terminal/node/ptyHostMain.js:29:78860)
    at Fc.q (file:///home/fms01/.vscode-server/bin/384ff7382de624fb94dbaf6da11977bba1ecd427/out/vs/platform/terminal/node/ptyHostMain.js:29:78383)
    at os.value (file:///home/fms01/.vscode-server/bin/384ff7382de624fb94dbaf6da11977bba1ecd427/out/vs/platform/terminal/node/ptyHostMain.js:29:77785)
    at y.B (file:///home/fms01/.vscode-server/bin/384ff7382de624fb94dbaf6da11977bba1ecd427/out/vs/platform/terminal/node/ptyHostMain.js:29:732)
    at y.fire (file:///home/fms01/.vscode-server/bin/384ff7382de624fb94dbaf6da11977bba1ecd427/out/vs/platform/terminal/node/ptyHostMain.js:29:950)
    at process.v (file:///home/fms01/.vscode-server/bin/384ff7382de624fb94dbaf6da11977bba1ecd427/out/vs/platform/terminal/node/ptyHostMain.js:24:29096)
    at process.emit (node:events:519:28)
    at emit (node:internal/child_process:951:14)
    at process.processTicksAndRejections (node:internal/process/task_queues:83:21)
[14:11:28] Error [CodeExpectedError]: Could not find pty 6 on pty host
    at M.U (file:///home/fms01/.vscode-server/bin/384ff7382de624fb94dbaf6da11977bba1ecd427/out/vs/platform/terminal/node/ptyHostMain.js:48:11102)
    at M.updateTitle (file:///home/fms01/.vscode-server/bin/384ff7382de624fb94dbaf6da11977bba1ecd427/out/vs/platform/terminal/node/ptyHostMain.js:48:6412)
    at s.<computed> (file:///home/fms01/.vscode-server/bin/384ff7382de624fb94dbaf6da11977bba1ecd427/out/vs/platform/terminal/node/ptyHostMain.js:48:1843)
    at Object.call (file:///home/fms01/.vscode-server/bin/384ff7382de624fb94dbaf6da11977bba1ecd427/out/vs/platform/terminal/node/ptyHostMain.js:31:4127)
    at Fc.s (file:///home/fms01/.vscode-server/bin/384ff7382de624fb94dbaf6da11977bba1ecd427/out/vs/platform/terminal/node/ptyHostMain.js:29:78860)
    at Fc.q (file:///home/fms01/.vscode-server/bin/384ff7382de624fb94dbaf6da11977bba1ecd427/out/vs/platform/terminal/node/ptyHostMain.js:29:78383)
    at os.value (file:///home/fms01/.vscode-server/bin/384ff7382de624fb94dbaf6da11977bba1ecd427/out/vs/platform/terminal/node/ptyHostMain.js:29:77785)
    at y.B (file:///home/fms01/.vscode-server/bin/384ff7382de624fb94dbaf6da11977bba1ecd427/out/vs/platform/terminal/node/ptyHostMain.js:29:732)
    at y.fire (file:///home/fms01/.vscode-server/bin/384ff7382de624fb94dbaf6da11977bba1ecd427/out/vs/platform/terminal/node/ptyHostMain.js:29:950)
    at process.v (file:///home/fms01/.vscode-server/bin/384ff7382de624fb94dbaf6da11977bba1ecd427/out/vs/platform/terminal/node/ptyHostMain.js:24:29096)
    at process.emit (node:events:519:28)
    at emit (node:internal/child_process:951:14)
    at process.processTicksAndRejections (node:internal/process/task_queues:83:21)
[14:11:57] [127.0.0.1][e0c48ad6][ManagementConnection] The client has disconnected gracefully, so the connection will be disposed.
[14:11:57] [127.0.0.1][adefdcbf][ExtensionHostConnection] <1408> Extension Host Process exited with code: 0, signal: null.
Cancelling previous shutdown timeout
[14:11:57] Cancelling previous shutdown timeout
Last EH closed, waiting before shutting down
[14:11:57] Last EH closed, waiting before shutting down
Got delay-shutdown request while in shutdown timeout, delaying
[14:12:07] Got delay-shutdown request while in shutdown timeout, delaying
Cancelling previous shutdown timeout
[14:12:07] Cancelling previous shutdown timeout
[14:12:07] [127.0.0.1][55ba0385][ManagementConnection] New connection established.
[14:12:07] [127.0.0.1][27fe2a36][ExtensionHostConnection] New connection established.
[14:12:07] [127.0.0.1][27fe2a36][ExtensionHostConnection] <1969> Launched Extension Host Process.
rejected promise not handled within 1 second: CodeExpectedError: Could not find pty 8 on pty host
stack trace: CodeExpectedError: Could not find pty 8 on pty host
    at M.U (file:///home/fms01/.vscode-server/bin/384ff7382de624fb94dbaf6da11977bba1ecd427/out/vs/platform/terminal/node/ptyHostMain.js:48:11102)
    at M.updateIcon (file:///home/fms01/.vscode-server/bin/384ff7382de624fb94dbaf6da11977bba1ecd427/out/vs/platform/terminal/node/ptyHostMain.js:48:6462)
    at s.<computed> (file:///home/fms01/.vscode-server/bin/384ff7382de624fb94dbaf6da11977bba1ecd427/out/vs/platform/terminal/node/ptyHostMain.js:48:1843)
    at Object.call (file:///home/fms01/.vscode-server/bin/384ff7382de624fb94dbaf6da11977bba1ecd427/out/vs/platform/terminal/node/ptyHostMain.js:31:4127)
    at Fc.s (file:///home/fms01/.vscode-server/bin/384ff7382de624fb94dbaf6da11977bba1ecd427/out/vs/platform/terminal/node/ptyHostMain.js:29:78860)
    at Fc.q (file:///home/fms01/.vscode-server/bin/384ff7382de624fb94dbaf6da11977bba1ecd427/out/vs/platform/terminal/node/ptyHostMain.js:29:78383)
    at os.value (file:///home/fms01/.vscode-server/bin/384ff7382de624fb94dbaf6da11977bba1ecd427/out/vs/platform/terminal/node/ptyHostMain.js:29:77785)
    at y.B (file:///home/fms01/.vscode-server/bin/384ff7382de624fb94dbaf6da11977bba1ecd427/out/vs/platform/terminal/node/ptyHostMain.js:29:732)
    at y.fire (file:///home/fms01/.vscode-server/bin/384ff7382de624fb94dbaf6da11977bba1ecd427/out/vs/platform/terminal/node/ptyHostMain.js:29:950)
    at process.v (file:///home/fms01/.vscode-server/bin/384ff7382de624fb94dbaf6da11977bba1ecd427/out/vs/platform/terminal/node/ptyHostMain.js:24:29096)
    at process.emit (node:events:519:28)
    at emit (node:internal/child_process:951:14)
    at process.processTicksAndRejections (node:internal/process/task_queues:83:21)
[14:12:14] Error [CodeExpectedError]: Could not find pty 8 on pty host
    at M.U (file:///home/fms01/.vscode-server/bin/384ff7382de624fb94dbaf6da11977bba1ecd427/out/vs/platform/terminal/node/ptyHostMain.js:48:11102)
    at M.updateIcon (file:///home/fms01/.vscode-server/bin/384ff7382de624fb94dbaf6da11977bba1ecd427/out/vs/platform/terminal/node/ptyHostMain.js:48:6462)
    at s.<computed> (file:///home/fms01/.vscode-server/bin/384ff7382de624fb94dbaf6da11977bba1ecd427/out/vs/platform/terminal/node/ptyHostMain.js:48:1843)
    at Object.call (file:///home/fms01/.vscode-server/bin/384ff7382de624fb94dbaf6da11977bba1ecd427/out/vs/platform/terminal/node/ptyHostMain.js:31:4127)
    at Fc.s (file:///home/fms01/.vscode-server/bin/384ff7382de624fb94dbaf6da11977bba1ecd427/out/vs/platform/terminal/node/ptyHostMain.js:29:78860)
    at Fc.q (file:///home/fms01/.vscode-server/bin/384ff7382de624fb94dbaf6da11977bba1ecd427/out/vs/platform/terminal/node/ptyHostMain.js:29:78383)
    at os.value (file:///home/fms01/.vscode-server/bin/384ff7382de624fb94dbaf6da11977bba1ecd427/out/vs/platform/terminal/node/ptyHostMain.js:29:77785)
    at y.B (file:///home/fms01/.vscode-server/bin/384ff7382de624fb94dbaf6da11977bba1ecd427/out/vs/platform/terminal/node/ptyHostMain.js:29:732)
    at y.fire (file:///home/fms01/.vscode-server/bin/384ff7382de624fb94dbaf6da11977bba1ecd427/out/vs/platform/terminal/node/ptyHostMain.js:29:950)
    at process.v (file:///home/fms01/.vscode-server/bin/384ff7382de624fb94dbaf6da11977bba1ecd427/out/vs/platform/terminal/node/ptyHostMain.js:24:29096)
    at process.emit (node:events:519:28)
    at emit (node:internal/child_process:951:14)
    at process.processTicksAndRejections (node:internal/process/task_queues:83:21)
rejected promise not handled within 1 second: CodeExpectedError: Could not find pty 8 on pty host
stack trace: CodeExpectedError: Could not find pty 8 on pty host
    at M.U (file:///home/fms01/.vscode-server/bin/384ff7382de624fb94dbaf6da11977bba1ecd427/out/vs/platform/terminal/node/ptyHostMain.js:48:11102)
    at M.updateTitle (file:///home/fms01/.vscode-server/bin/384ff7382de624fb94dbaf6da11977bba1ecd427/out/vs/platform/terminal/node/ptyHostMain.js:48:6412)
    at s.<computed> (file:///home/fms01/.vscode-server/bin/384ff7382de624fb94dbaf6da11977bba1ecd427/out/vs/platform/terminal/node/ptyHostMain.js:48:1843)
    at Object.call (file:///home/fms01/.vscode-server/bin/384ff7382de624fb94dbaf6da11977bba1ecd427/out/vs/platform/terminal/node/ptyHostMain.js:31:4127)
    at Fc.s (file:///home/fms01/.vscode-server/bin/384ff7382de624fb94dbaf6da11977bba1ecd427/out/vs/platform/terminal/node/ptyHostMain.js:29:78860)
    at Fc.q (file:///home/fms01/.vscode-server/bin/384ff7382de624fb94dbaf6da11977bba1ecd427/out/vs/platform/terminal/node/ptyHostMain.js:29:78383)
    at os.value (file:///home/fms01/.vscode-server/bin/384ff7382de624fb94dbaf6da11977bba1ecd427/out/vs/platform/terminal/node/ptyHostMain.js:29:77785)
    at y.B (file:///home/fms01/.vscode-server/bin/384ff7382de624fb94dbaf6da11977bba1ecd427/out/vs/platform/terminal/node/ptyHostMain.js:29:732)
    at y.fire (file:///home/fms01/.vscode-server/bin/384ff7382de624fb94dbaf6da11977bba1ecd427/out/vs/platform/terminal/node/ptyHostMain.js:29:950)
    at process.v (file:///home/fms01/.vscode-server/bin/384ff7382de624fb94dbaf6da11977bba1ecd427/out/vs/platform/terminal/node/ptyHostMain.js:24:29096)
    at process.emit (node:events:519:28)
    at emit (node:internal/child_process:951:14)
    at process.processTicksAndRejections (node:internal/process/task_queues:83:21)
[14:12:14] Error [CodeExpectedError]: Could not find pty 8 on pty host
    at M.U (file:///home/fms01/.vscode-server/bin/384ff7382de624fb94dbaf6da11977bba1ecd427/out/vs/platform/terminal/node/ptyHostMain.js:48:11102)
    at M.updateTitle (file:///home/fms01/.vscode-server/bin/384ff7382de624fb94dbaf6da11977bba1ecd427/out/vs/platform/terminal/node/ptyHostMain.js:48:6412)
    at s.<computed> (file:///home/fms01/.vscode-server/bin/384ff7382de624fb94dbaf6da11977bba1ecd427/out/vs/platform/terminal/node/ptyHostMain.js:48:1843)
    at Object.call (file:///home/fms01/.vscode-server/bin/384ff7382de624fb94dbaf6da11977bba1ecd427/out/vs/platform/terminal/node/ptyHostMain.js:31:4127)
    at Fc.s (file:///home/fms01/.vscode-server/bin/384ff7382de624fb94dbaf6da11977bba1ecd427/out/vs/platform/terminal/node/ptyHostMain.js:29:78860)
    at Fc.q (file:///home/fms01/.vscode-server/bin/384ff7382de624fb94dbaf6da11977bba1ecd427/out/vs/platform/terminal/node/ptyHostMain.js:29:78383)
    at os.value (file:///home/fms01/.vscode-server/bin/384ff7382de624fb94dbaf6da11977bba1ecd427/out/vs/platform/terminal/node/ptyHostMain.js:29:77785)
    at y.B (file:///home/fms01/.vscode-server/bin/384ff7382de624fb94dbaf6da11977bba1ecd427/out/vs/platform/terminal/node/ptyHostMain.js:29:732)
    at y.fire (file:///home/fms01/.vscode-server/bin/384ff7382de624fb94dbaf6da11977bba1ecd427/out/vs/platform/terminal/node/ptyHostMain.js:29:950)
    at process.v (file:///home/fms01/.vscode-server/bin/384ff7382de624fb94dbaf6da11977bba1ecd427/out/vs/platform/terminal/node/ptyHostMain.js:24:29096)
    at process.emit (node:events:519:28)
    at emit (node:internal/child_process:951:14)
    at process.processTicksAndRejections (node:internal/process/task_queues:83:21)
rejected promise not handled within 1 second: CodeExpectedError: Could not find pty 8 on pty host
stack trace: CodeExpectedError: Could not find pty 8 on pty host
    at M.U (file:///home/fms01/.vscode-server/bin/384ff7382de624fb94dbaf6da11977bba1ecd427/out/vs/platform/terminal/node/ptyHostMain.js:48:11102)
    at M.updateTitle (file:///home/fms01/.vscode-server/bin/384ff7382de624fb94dbaf6da11977bba1ecd427/out/vs/platform/terminal/node/ptyHostMain.js:48:6412)
    at s.<computed> (file:///home/fms01/.vscode-server/bin/384ff7382de624fb94dbaf6da11977bba1ecd427/out/vs/platform/terminal/node/ptyHostMain.js:48:1843)
    at Object.call (file:///home/fms01/.vscode-server/bin/384ff7382de624fb94dbaf6da11977bba1ecd427/out/vs/platform/terminal/node/ptyHostMain.js:31:4127)
    at Fc.s (file:///home/fms01/.vscode-server/bin/384ff7382de624fb94dbaf6da11977bba1ecd427/out/vs/platform/terminal/node/ptyHostMain.js:29:78860)
    at Fc.q (file:///home/fms01/.vscode-server/bin/384ff7382de624fb94dbaf6da11977bba1ecd427/out/vs/platform/terminal/node/ptyHostMain.js:29:78383)
    at os.value (file:///home/fms01/.vscode-server/bin/384ff7382de624fb94dbaf6da11977bba1ecd427/out/vs/platform/terminal/node/ptyHostMain.js:29:77785)
    at y.B (file:///home/fms01/.vscode-server/bin/384ff7382de624fb94dbaf6da11977bba1ecd427/out/vs/platform/terminal/node/ptyHostMain.js:29:732)
    at y.fire (file:///home/fms01/.vscode-server/bin/384ff7382de624fb94dbaf6da11977bba1ecd427/out/vs/platform/terminal/node/ptyHostMain.js:29:950)
    at process.v (file:///home/fms01/.vscode-server/bin/384ff7382de624fb94dbaf6da11977bba1ecd427/out/vs/platform/terminal/node/ptyHostMain.js:24:29096)
    at process.emit (node:events:519:28)
    at emit (node:internal/child_process:951:14)
    at process.processTicksAndRejections (node:internal/process/task_queues:83:21)
[14:12:15] Error [CodeExpectedError]: Could not find pty 8 on pty host
    at M.U (file:///home/fms01/.vscode-server/bin/384ff7382de624fb94dbaf6da11977bba1ecd427/out/vs/platform/terminal/node/ptyHostMain.js:48:11102)
    at M.updateTitle (file:///home/fms01/.vscode-server/bin/384ff7382de624fb94dbaf6da11977bba1ecd427/out/vs/platform/terminal/node/ptyHostMain.js:48:6412)
    at s.<computed> (file:///home/fms01/.vscode-server/bin/384ff7382de624fb94dbaf6da11977bba1ecd427/out/vs/platform/terminal/node/ptyHostMain.js:48:1843)
    at Object.call (file:///home/fms01/.vscode-server/bin/384ff7382de624fb94dbaf6da11977bba1ecd427/out/vs/platform/terminal/node/ptyHostMain.js:31:4127)
    at Fc.s (file:///home/fms01/.vscode-server/bin/384ff7382de624fb94dbaf6da11977bba1ecd427/out/vs/platform/terminal/node/ptyHostMain.js:29:78860)
    at Fc.q (file:///home/fms01/.vscode-server/bin/384ff7382de624fb94dbaf6da11977bba1ecd427/out/vs/platform/terminal/node/ptyHostMain.js:29:78383)
    at os.value (file:///home/fms01/.vscode-server/bin/384ff7382de624fb94dbaf6da11977bba1ecd427/out/vs/platform/terminal/node/ptyHostMain.js:29:77785)
    at y.B (file:///home/fms01/.vscode-server/bin/384ff7382de624fb94dbaf6da11977bba1ecd427/out/vs/platform/terminal/node/ptyHostMain.js:29:732)
    at y.fire (file:///home/fms01/.vscode-server/bin/384ff7382de624fb94dbaf6da11977bba1ecd427/out/vs/platform/terminal/node/ptyHostMain.js:29:950)
    at process.v (file:///home/fms01/.vscode-server/bin/384ff7382de624fb94dbaf6da11977bba1ecd427/out/vs/platform/terminal/node/ptyHostMain.js:24:29096)
    at process.emit (node:events:519:28)
    at emit (node:internal/child_process:951:14)
    at process.processTicksAndRejections (node:internal/process/task_queues:83:21)
rejected promise not handled within 1 second: CodeExpectedError: Could not find pty 8 on pty host
stack trace: CodeExpectedError: Could not find pty 8 on pty host
    at M.U (file:///home/fms01/.vscode-server/bin/384ff7382de624fb94dbaf6da11977bba1ecd427/out/vs/platform/terminal/node/ptyHostMain.js:48:11102)
    at M.updateTitle (file:///home/fms01/.vscode-server/bin/384ff7382de624fb94dbaf6da11977bba1ecd427/out/vs/platform/terminal/node/ptyHostMain.js:48:6412)
    at s.<computed> (file:///home/fms01/.vscode-server/bin/384ff7382de624fb94dbaf6da11977bba1ecd427/out/vs/platform/terminal/node/ptyHostMain.js:48:1843)
    at Object.call (file:///home/fms01/.vscode-server/bin/384ff7382de624fb94dbaf6da11977bba1ecd427/out/vs/platform/terminal/node/ptyHostMain.js:31:4127)
    at Fc.s (file:///home/fms01/.vscode-server/bin/384ff7382de624fb94dbaf6da11977bba1ecd427/out/vs/platform/terminal/node/ptyHostMain.js:29:78860)
    at Fc.q (file:///home/fms01/.vscode-server/bin/384ff7382de624fb94dbaf6da11977bba1ecd427/out/vs/platform/terminal/node/ptyHostMain.js:29:78383)
    at os.value (file:///home/fms01/.vscode-server/bin/384ff7382de624fb94dbaf6da11977bba1ecd427/out/vs/platform/terminal/node/ptyHostMain.js:29:77785)
    at y.B (file:///home/fms01/.vscode-server/bin/384ff7382de624fb94dbaf6da11977bba1ecd427/out/vs/platform/terminal/node/ptyHostMain.js:29:732)
    at y.fire (file:///home/fms01/.vscode-server/bin/384ff7382de624fb94dbaf6da11977bba1ecd427/out/vs/platform/terminal/node/ptyHostMain.js:29:950)
    at process.v (file:///home/fms01/.vscode-server/bin/384ff7382de624fb94dbaf6da11977bba1ecd427/out/vs/platform/terminal/node/ptyHostMain.js:24:29096)
    at process.emit (node:events:519:28)
    at emit (node:internal/child_process:951:14)
    at process.processTicksAndRejections (node:internal/process/task_queues:83:21)
[14:12:23] Error [CodeExpectedError]: Could not find pty 8 on pty host
    at M.U (file:///home/fms01/.vscode-server/bin/384ff7382de624fb94dbaf6da11977bba1ecd427/out/vs/platform/terminal/node/ptyHostMain.js:48:11102)
    at M.updateTitle (file:///home/fms01/.vscode-server/bin/384ff7382de624fb94dbaf6da11977bba1ecd427/out/vs/platform/terminal/node/ptyHostMain.js:48:6412)
    at s.<computed> (file:///home/fms01/.vscode-server/bin/384ff7382de624fb94dbaf6da11977bba1ecd427/out/vs/platform/terminal/node/ptyHostMain.js:48:1843)
    at Object.call (file:///home/fms01/.vscode-server/bin/384ff7382de624fb94dbaf6da11977bba1ecd427/out/vs/platform/terminal/node/ptyHostMain.js:31:4127)
    at Fc.s (file:///home/fms01/.vscode-server/bin/384ff7382de624fb94dbaf6da11977bba1ecd427/out/vs/platform/terminal/node/ptyHostMain.js:29:78860)
    at Fc.q (file:///home/fms01/.vscode-server/bin/384ff7382de624fb94dbaf6da11977bba1ecd427/out/vs/platform/terminal/node/ptyHostMain.js:29:78383)
    at os.value (file:///home/fms01/.vscode-server/bin/384ff7382de624fb94dbaf6da11977bba1ecd427/out/vs/platform/terminal/node/ptyHostMain.js:29:77785)
    at y.B (file:///home/fms01/.vscode-server/bin/384ff7382de624fb94dbaf6da11977bba1ecd427/out/vs/platform/terminal/node/ptyHostMain.js:29:732)
    at y.fire (file:///home/fms01/.vscode-server/bin/384ff7382de624fb94dbaf6da11977bba1ecd427/out/vs/platform/terminal/node/ptyHostMain.js:29:950)
    at process.v (file:///home/fms01/.vscode-server/bin/384ff7382de624fb94dbaf6da11977bba1ecd427/out/vs/platform/terminal/node/ptyHostMain.js:24:29096)
    at process.emit (node:events:519:28)
    at emit (node:internal/child_process:951:14)
    at process.processTicksAndRejections (node:internal/process/task_queues:83:21)
[14:13:46] [127.0.0.1][55ba0385][ManagementConnection] The client has disconnected gracefully, so the connection will be disposed.
[14:13:46] [127.0.0.1][27fe2a36][ExtensionHostConnection] <1969> Extension Host Process exited with code: 0, signal: null.
Cancelling previous shutdown timeout
[14:13:46] Cancelling previous shutdown timeout
Last EH closed, waiting before shutting down
[14:13:46] Last EH closed, waiting before shutting down
Last EH closed, shutting down
[14:18:46] Last EH closed, shutting down
